2025-11-05 23:58:35 - INFO - CURSO_ACTUAL has no null values fact_prog_acad
2025-11-05 23:58:35 - INFO - PERIODO_FRANJA has no null values fact_prog_acad
2025-11-05 23:58:35 - INFO - LINEA_DE_NEGOCIO has no null values fact_prog_acad
2025-11-05 23:58:35 - INFO - VAC_ACAD_ESTANDAR has no null values fact_prog_acad
2025-11-05 23:58:35 - INFO - CURSO_ACTUAL has no null values fact_predict
2025-11-05 23:58:35 - INFO - PERIODO_FRANJA has no null values fact_predict
2025-11-05 23:58:35 - INFO - LINEA_DE_NEGOCIO has no null values fact_predict
2025-11-05 23:58:35 - INFO - VAC_ACAD_ESTANDAR has no null values fact_predict
2025-11-05 23:58:35 - INFO - AFORO has no null values
2025-11-05 23:58:35 - INFO - REWARD has no null values
2025-11-05 23:58:35 - INFO - MIN and MAX has no null values
2025-11-05 23:58:35 - INFO - START and END are in time
2025-11-05 23:58:35 - INFO - START and END has no null values
2025-11-05 23:58:35 - INFO - START and END are in time
2025-11-06 00:23:01 - INFO - CURSO_ACTUAL has no null values fact_prog_acad
2025-11-06 00:23:01 - INFO - PERIODO_FRANJA has no null values fact_prog_acad
2025-11-06 00:23:01 - INFO - LINEA_DE_NEGOCIO has no null values fact_prog_acad
2025-11-06 00:23:01 - INFO - VAC_ACAD_ESTANDAR has no null values fact_prog_acad
2025-11-06 00:23:01 - INFO - CURSO_ACTUAL has no null values fact_predict
2025-11-06 00:23:01 - INFO - PERIODO_FRANJA has no null values fact_predict
2025-11-06 00:23:01 - INFO - LINEA_DE_NEGOCIO has no null values fact_predict
2025-11-06 00:23:01 - INFO - VAC_ACAD_ESTANDAR has no null values fact_predict
2025-11-06 00:23:01 - INFO - AFORO has no null values
2025-11-06 00:23:01 - INFO - REWARD has no null values
2025-11-06 00:23:01 - INFO - MIN and MAX has no null values
2025-11-06 00:23:01 - INFO - START and END are in time
2025-11-06 00:23:01 - INFO - START and END has no null values
2025-11-06 00:23:01 - INFO - START and END are in time
2025-11-06 01:45:26 - INFO - CURSO_ACTUAL has no null values fact_prog_acad
2025-11-06 01:45:26 - INFO - PERIODO_FRANJA has no null values fact_prog_acad
2025-11-06 01:45:26 - INFO - LINEA_DE_NEGOCIO has no null values fact_prog_acad
2025-11-06 01:45:26 - INFO - VAC_ACAD_ESTANDAR has no null values fact_prog_acad
2025-11-06 01:45:26 - INFO - CURSO_ACTUAL has no null values fact_predict
2025-11-06 01:45:26 - INFO - PERIODO_FRANJA has no null values fact_predict
2025-11-06 01:45:26 - INFO - LINEA_DE_NEGOCIO has no null values fact_predict
2025-11-06 01:45:26 - INFO - VAC_ACAD_ESTANDAR has no null values fact_predict
2025-11-06 01:45:26 - INFO - AFORO has no null values
2025-11-06 01:45:26 - INFO - REWARD has no null values
2025-11-06 01:45:26 - INFO - MIN and MAX has no null values
2025-11-06 01:45:26 - INFO - START and END are in time
2025-11-06 01:45:26 - INFO - START and END has no null values
2025-11-06 01:45:26 - INFO - START and END are in time
2025-11-06 01:46:02 - INFO - CURSO_ACTUAL has no null values fact_prog_acad
2025-11-06 01:46:02 - INFO - PERIODO_FRANJA has no null values fact_prog_acad
2025-11-06 01:46:02 - INFO - LINEA_DE_NEGOCIO has no null values fact_prog_acad
2025-11-06 01:46:02 - INFO - VAC_ACAD_ESTANDAR has no null values fact_prog_acad
2025-11-06 01:46:02 - INFO - CURSO_ACTUAL has no null values fact_predict
2025-11-06 01:46:02 - INFO - PERIODO_FRANJA has no null values fact_predict
2025-11-06 01:46:02 - INFO - LINEA_DE_NEGOCIO has no null values fact_predict
2025-11-06 01:46:02 - INFO - VAC_ACAD_ESTANDAR has no null values fact_predict
2025-11-06 01:46:02 - INFO - AFORO has no null values
2025-11-06 01:46:02 - INFO - REWARD has no null values
2025-11-06 01:46:02 - INFO - MIN and MAX has no null values
2025-11-06 01:46:02 - INFO - START and END are in time
2025-11-06 01:46:02 - INFO - START and END has no null values
2025-11-06 01:46:02 - INFO - START and END are in time
2025-11-06 01:46:30 - INFO - CURSO_ACTUAL has no null values fact_prog_acad
2025-11-06 01:46:30 - INFO - PERIODO_FRANJA has no null values fact_prog_acad
2025-11-06 01:46:30 - INFO - LINEA_DE_NEGOCIO has no null values fact_prog_acad
2025-11-06 01:46:30 - INFO - VAC_ACAD_ESTANDAR has no null values fact_prog_acad
2025-11-06 01:46:30 - INFO - CURSO_ACTUAL has no null values fact_predict
2025-11-06 01:46:30 - INFO - PERIODO_FRANJA has no null values fact_predict
2025-11-06 01:46:30 - INFO - LINEA_DE_NEGOCIO has no null values fact_predict
2025-11-06 01:46:30 - INFO - VAC_ACAD_ESTANDAR has no null values fact_predict
2025-11-06 01:46:30 - INFO - AFORO has no null values
2025-11-06 01:46:30 - INFO - REWARD has no null values
2025-11-06 01:46:30 - INFO - MIN and MAX has no null values
2025-11-06 01:46:30 - INFO - START and END are in time
2025-11-06 01:46:30 - INFO - START and END has no null values
2025-11-06 01:46:30 - INFO - START and END are in time
2025-11-06 01:46:58 - INFO - CURSO_ACTUAL has no null values fact_prog_acad
2025-11-06 01:46:58 - INFO - PERIODO_FRANJA has no null values fact_prog_acad
2025-11-06 01:46:58 - INFO - LINEA_DE_NEGOCIO has no null values fact_prog_acad
2025-11-06 01:46:58 - INFO - VAC_ACAD_ESTANDAR has no null values fact_prog_acad
2025-11-06 01:46:58 - INFO - CURSO_ACTUAL has no null values fact_predict
2025-11-06 01:46:58 - INFO - PERIODO_FRANJA has no null values fact_predict
2025-11-06 01:46:58 - INFO - LINEA_DE_NEGOCIO has no null values fact_predict
2025-11-06 01:46:58 - INFO - VAC_ACAD_ESTANDAR has no null values fact_predict
2025-11-06 01:46:58 - INFO - AFORO has no null values
2025-11-06 01:46:58 - INFO - REWARD has no null values
2025-11-06 01:46:58 - INFO - MIN and MAX has no null values
2025-11-06 01:46:58 - INFO - START and END are in time
2025-11-06 01:46:58 - INFO - START and END has no null values
2025-11-06 01:46:58 - INFO - START and END are in time
